2017-01-24 13:40:50,959 [INFO] from application in ForkJoinPool-1-worker-1 - Creating Pool for datasource 'default'
2017-01-24 13:40:51,166 [INFO] from play.api.db.HikariCPConnectionPool in ForkJoinPool-1-worker-1 - datasource [default] bound to JNDI as DefaultDS
2017-01-24 13:40:51,187 [INFO] from play.api.db.DefaultDBApi in ForkJoinPool-1-worker-1 - Database [default] connected at jdbc:h2:mem:example2
2017-01-24 13:40:51,579 [DEBUG] from application in ForkJoinPool-1-worker-1 - Directory for migration files found. db/migration/default
2017-01-24 13:40:51,716 [ERROR] from application in netty-event-loop-3 - 

! @72no4j27a - Internal server error, for (GET) [/] ->
 
org.flywaydb.play.InvalidDatabaseRevision: Database 'default' needs migration![An SQL script need to be run on your database.]
	at org.flywaydb.play.PlayInitializer$$anonfun$org$flywaydb$play$PlayInitializer$$checkState$1.apply(PlayInitializer.scala:120)
	at org.flywaydb.play.PlayInitializer$$anonfun$org$flywaydb$play$PlayInitializer$$checkState$1.apply(PlayInitializer.scala:117)
	at scala.Option.foreach(Option.scala:257)
	at org.flywaydb.play.PlayInitializer.org$flywaydb$play$PlayInitializer$$checkState(PlayInitializer.scala:117)
	at org.flywaydb.play.PlayInitializer$$anonfun$onStart$1.apply(PlayInitializer.scala:135)
	at org.flywaydb.play.PlayInitializer$$anonfun$onStart$1.apply(PlayInitializer.scala:131)
	at scala.collection.Iterator$class.foreach(Iterator.scala:742)
	at scala.collection.AbstractIterator.foreach(Iterator.scala:1194)
	at scala.collection.MapLike$DefaultKeySet.foreach(MapLike.scala:174)
	at org.flywaydb.play.PlayInitializer.onStart(PlayInitializer.scala:131)
	at org.flywaydb.play.PlayInitializer.<init>(PlayInitializer.scala:150)
	at org.flywaydb.play.PlayInitializer$$FastClassByGuice$$fd53e8fe.newInstance(<generated>)
	at com.google.inject.internal.cglib.reflect.$FastConstructor.newInstance(FastConstructor.java:40)
	at com.google.inject.internal.DefaultConstructionProxyFactory$1.newInstance(DefaultConstructionProxyFactory.java:61)
	at com.google.inject.internal.ConstructorInjector.provision(ConstructorInjector.java:105)
	at com.google.inject.internal.ConstructorInjector.construct(ConstructorInjector.java:85)
	at com.google.inject.internal.ConstructorBindingImpl$Factory.get(ConstructorBindingImpl.java:267)
	at com.google.inject.internal.ProviderToInternalFactoryAdapter$1.call(ProviderToInternalFactoryAdapter.java:46)
	at com.google.inject.internal.InjectorImpl.callInContext(InjectorImpl.java:1103)
	at com.google.inject.internal.ProviderToInternalFactoryAdapter.get(ProviderToInternalFactoryAdapter.java:40)
	at com.google.inject.internal.SingletonScope$1.get(SingletonScope.java:145)
	at com.google.inject.internal.InternalFactoryToProviderAdapter.get(InternalFactoryToProviderAdapter.java:41)
	at com.google.inject.internal.InternalInjectorCreator$1.call(InternalInjectorCreator.java:205)
	at com.google.inject.internal.InternalInjectorCreator$1.call(InternalInjectorCreator.java:199)
	at com.google.inject.internal.InjectorImpl.callInContext(InjectorImpl.java:1092)
	at com.google.inject.internal.InternalInjectorCreator.loadEagerSingletons(InternalInjectorCreator.java:199)
	at com.google.inject.internal.InternalInjectorCreator.injectDynamically(InternalInjectorCreator.java:180)
	at com.google.inject.internal.InternalInjectorCreator.build(InternalInjectorCreator.java:110)
	at com.google.inject.Guice.createInjector(Guice.java:96)
	at com.google.inject.Guice.createInjector(Guice.java:84)
	at play.api.inject.guice.GuiceBuilder.injector(GuiceInjectorBuilder.scala:181)
	at play.api.inject.guice.GuiceApplicationBuilder.build(GuiceApplicationBuilder.scala:123)
	at play.api.inject.guice.GuiceApplicationLoader.load(GuiceApplicationLoader.scala:21)
	at play.core.server.DevServerStart$$anonfun$mainDev$1$$anon$1$$anonfun$get$1$$anonfun$apply$1$$anonfun$1$$anonfun$2.apply(DevServerStart.scala:168)
	at play.core.server.DevServerStart$$anonfun$mainDev$1$$anon$1$$anonfun$get$1$$anonfun$apply$1$$anonfun$1$$anonfun$2.apply(DevServerStart.scala:164)
	at play.utils.Threads$.withContextClassLoader(Threads.scala:21)
	at play.core.server.DevServerStart$$anonfun$mainDev$1$$anon$1$$anonfun$get$1$$anonfun$apply$1$$anonfun$1.apply(DevServerStart.scala:164)
	at play.core.server.DevServerStart$$anonfun$mainDev$1$$anon$1$$anonfun$get$1$$anonfun$apply$1$$anonfun$1.apply(DevServerStart.scala:131)
	at scala.Option.map(Option.scala:146)
	at play.core.server.DevServerStart$$anonfun$mainDev$1$$anon$1$$anonfun$get$1$$anonfun$apply$1.apply(DevServerStart.scala:131)
	at play.core.server.DevServerStart$$anonfun$mainDev$1$$anon$1$$anonfun$get$1$$anonfun$apply$1.apply(DevServerStart.scala:129)
	at scala.util.Success.flatMap(Try.scala:231)
	at play.core.server.DevServerStart$$anonfun$mainDev$1$$anon$1$$anonfun$get$1.apply(DevServerStart.scala:129)
	at play.core.server.DevServerStart$$anonfun$mainDev$1$$anon$1$$anonfun$get$1.apply(DevServerStart.scala:121)
	at scala.concurrent.impl.Future$PromiseCompletingRunnable.liftedTree1$1(Future.scala:24)
	at scala.concurrent.impl.Future$PromiseCompletingRunnable.run(Future.scala:24)
	at java.util.concurrent.ForkJoinTask$RunnableExecuteAction.exec(ForkJoinTask.java:1402)
	at java.util.concurrent.ForkJoinTask.doExec(ForkJoinTask.java:289)
	at java.util.concurrent.ForkJoinPool$WorkQueue.runTask(ForkJoinPool.java:1056)
	at java.util.concurrent.ForkJoinPool.runWorker(ForkJoinPool.java:1692)
	at java.util.concurrent.ForkJoinWorkerThread.run(ForkJoinWorkerThread.java:157)
2017-01-24 13:41:03,012 [ERROR] from application in netty-event-loop-3 - 

! @72no4jj2c - Internal server error, for (GET) [/@flyway/default/migrate?redirect=%2F%40flyway%2Fdefault] ->
 
play.api.http.HttpErrorHandlerExceptions$$anon$1: Execution exception[[FlywayException: Found non-empty schema "PUBLIC" without metadata table! Use baseline() or set baselineOnMigrate to true to initialize the metadata table.]]
	at play.api.http.HttpErrorHandlerExceptions$.throwableToUsefulException(HttpErrorHandler.scala:293)
	at play.api.http.DefaultHttpErrorHandler.onServerError(HttpErrorHandler.scala:220)
	at play.api.http.DefaultHttpErrorHandler$.onServerError(HttpErrorHandler.scala:321)
	at play.core.server.Server$class.logExceptionAndGetResult$1(Server.scala:45)
	at play.core.server.Server$class.getHandlerFor(Server.scala:65)
	at play.core.server.NettyServer.getHandlerFor(NettyServer.scala:47)
	at play.core.server.netty.PlayRequestHandler.handle(PlayRequestHandler.scala:82)
	at play.core.server.netty.PlayRequestHandler.channelRead(PlayRequestHandler.scala:163)
	at io.netty.channel.AbstractChannelHandlerContext.invokeChannelRead(AbstractChannelHandlerContext.java:366)
	at io.netty.channel.AbstractChannelHandlerContext.invokeChannelRead(AbstractChannelHandlerContext.java:352)
	at io.netty.channel.AbstractChannelHandlerContext.fireChannelRead(AbstractChannelHandlerContext.java:345)
	at com.typesafe.netty.http.HttpStreamsHandler.channelRead(HttpStreamsHandler.java:129)
	at com.typesafe.netty.http.HttpStreamsServerHandler.channelRead(HttpStreamsServerHandler.java:96)
	at io.netty.channel.AbstractChannelHandlerContext.invokeChannelRead(AbstractChannelHandlerContext.java:366)
	at io.netty.channel.AbstractChannelHandlerContext.invokeChannelRead(AbstractChannelHandlerContext.java:352)
	at io.netty.channel.AbstractChannelHandlerContext.fireChannelRead(AbstractChannelHandlerContext.java:345)
	at io.netty.handler.codec.MessageToMessageDecoder.channelRead(MessageToMessageDecoder.java:102)
	at io.netty.channel.AbstractChannelHandlerContext.invokeChannelRead(AbstractChannelHandlerContext.java:366)
	at io.netty.channel.AbstractChannelHandlerContext.invokeChannelRead(AbstractChannelHandlerContext.java:352)
	at io.netty.channel.AbstractChannelHandlerContext.fireChannelRead(AbstractChannelHandlerContext.java:345)
	at io.netty.handler.codec.ByteToMessageDecoder.fireChannelRead(ByteToMessageDecoder.java:293)
	at io.netty.handler.codec.ByteToMessageDecoder.channelRead(ByteToMessageDecoder.java:267)
	at io.netty.channel.AbstractChannelHandlerContext.invokeChannelRead(AbstractChannelHandlerContext.java:366)
	at io.netty.channel.AbstractChannelHandlerContext.invokeChannelRead(AbstractChannelHandlerContext.java:352)
	at io.netty.channel.AbstractChannelHandlerContext.fireChannelRead(AbstractChannelHandlerContext.java:345)
	at io.netty.channel.DefaultChannelPipeline$HeadContext.channelRead(DefaultChannelPipeline.java:1294)
	at io.netty.channel.AbstractChannelHandlerContext.invokeChannelRead(AbstractChannelHandlerContext.java:366)
	at io.netty.channel.AbstractChannelHandlerContext.invokeChannelRead(AbstractChannelHandlerContext.java:352)
	at io.netty.channel.DefaultChannelPipeline.fireChannelRead(DefaultChannelPipeline.java:911)
	at io.netty.channel.nio.AbstractNioByteChannel$NioByteUnsafe.read(AbstractNioByteChannel.java:131)
	at io.netty.channel.nio.NioEventLoop.processSelectedKey(NioEventLoop.java:611)
	at io.netty.channel.nio.NioEventLoop.processSelectedKeysOptimized(NioEventLoop.java:552)
	at io.netty.channel.nio.NioEventLoop.processSelectedKeys(NioEventLoop.java:466)
	at io.netty.channel.nio.NioEventLoop.run(NioEventLoop.java:438)
	at io.netty.util.concurrent.SingleThreadEventExecutor$2.run(SingleThreadEventExecutor.java:140)
	at java.lang.Thread.run(Thread.java:745)
Caused by: org.flywaydb.core.api.FlywayException: Found non-empty schema "PUBLIC" without metadata table! Use baseline() or set baselineOnMigrate to true to initialize the metadata table.
	at org.flywaydb.core.Flyway$1.execute(Flyway.java:943)
	at org.flywaydb.core.Flyway$1.execute(Flyway.java:917)
	at org.flywaydb.core.Flyway.execute(Flyway.java:1361)
	at org.flywaydb.core.Flyway.migrate(Flyway.java:917)
	at org.flywaydb.play.FlywayWebCommand$$anonfun$handleWebCommand$1.apply(FlywayWebCommand.scala:39)
	at org.flywaydb.play.FlywayWebCommand$$anonfun$handleWebCommand$1.apply(FlywayWebCommand.scala:37)
	at scala.Option.map(Option.scala:146)
	at org.flywaydb.play.FlywayWebCommand.handleWebCommand(FlywayWebCommand.scala:37)
	at play.core.DefaultWebCommands$$anonfun$handleWebCommand$1.apply(WebCommands.scala:40)
	at play.core.DefaultWebCommands$$anonfun$handleWebCommand$1.apply(WebCommands.scala:40)
	at scala.collection.immutable.Stream.flatMap(Stream.scala:493)
	at play.core.DefaultWebCommands.handleWebCommand(WebCommands.scala:40)
	at play.core.server.DevServerStart$$anonfun$mainDev$1$$anon$1$$anonfun$handleWebCommand$1$$anonfun$apply$7.apply(DevServerStart.scala:203)
	at play.core.server.DevServerStart$$anonfun$mainDev$1$$anon$1$$anonfun$handleWebCommand$1$$anonfun$apply$7.apply(DevServerStart.scala:203)
	at scala.Option.flatMap(Option.scala:171)
	at play.core.server.DevServerStart$$anonfun$mainDev$1$$anon$1$$anonfun$handleWebCommand$1.apply(DevServerStart.scala:203)
	at play.core.server.DevServerStart$$anonfun$mainDev$1$$anon$1$$anonfun$handleWebCommand$1.apply(DevServerStart.scala:203)
	at scala.Option.orElse(Option.scala:289)
	at play.core.server.DevServerStart$$anonfun$mainDev$1$$anon$1.handleWebCommand(DevServerStart.scala:202)
	at play.core.server.Server$class.getHandlerFor(Server.scala:49)
	... 31 common frames omitted
